<?xml version="1.0" encoding="UTF-8"?>
<!-- Generated by org.testng.reporters.JUnitReportReporter -->
<testsuite hostname="AmitB-PC" name="com.afour.automation.scripts.TC_1" tests="1" failures="0" timestamp="28 Apr 2016 07:20:15 GMT" time="0.100" errors="0">
  <testcase name="verifyLink" time="0.100" classname="com.afour.automation.scripts.TC_1"/>
</testsuite> <!-- com.afour.automation.scripts.TC_1 -->
